<?xml version="1.0" encoding="UTF-8"?>
<testng-results skipped="0" failed="0" ignored="1" total="2" passed="1">
  <reporter-output>
  </reporter-output>
  <suite name="Default suite" duration-ms="41932" started-at="2020-05-29T14:51:57Z" finished-at="2020-05-29T14:52:39Z">
    <groups>
    </groups>
    <test name="Default test" duration-ms="41932" started-at="2020-05-29T14:51:57Z" finished-at="2020-05-29T14:52:39Z">
      <class name="com.crm.test.RegisterTest">
        <test-method status="PASS" signature="setup()[pri:0, instance:com.crm.test.RegisterTest@1e397ed7]" name="setup" is-config="true" duration-ms="18808" started-at="2020-05-29T14:51:59Z" finished-at="2020-05-29T14:52:18Z">
          <reporter-output>
          </reporter-output>
        </test-method> <!-- setup -->
        <test-method status="PASS" signature="createNewAccount(java.lang.String, java.lang.String, java.lang.String, java.lang.String, java.lang.String, java.lang.String, java.lang.String, java.lang.String)[pri:2, instance:com.crm.test.RegisterTest@1e397ed7]" name="createNewAccount" duration-ms="21512" started-at="2020-05-29T14:52:18Z" data-provider="getRegisterTestData" finished-at="2020-05-29T14:52:39Z">
          <params>
            <param index="0">
              <value>
                <![CDATA[Yogesh Kumar Mishra]]>
              </value>
            </param>
            <param index="1">
              <value>
                <![CDATA[mishra.gc92@gmail.com]]>
              </value>
            </param>
            <param index="2">
              <value>
                <![CDATA[Crmfst]]>
              </value>
            </param>
            <param index="3">
              <value>
                <![CDATA[8.652142578E9]]>
              </value>
            </param>
            <param index="4">
              <value>
                <![CDATA[India]]>
              </value>
            </param>
            <param index="5">
              <value>
                <![CDATA[English]]>
              </value>
            </param>
            <param index="6">
              <value>
                <![CDATA[< 5 employees ]]>
              </value>
            </param>
            <param index="7">
              <value>
                <![CDATA[I am a student]]>
              </value>
            </param>
          </params>
          <reporter-output>
          </reporter-output>
        </test-method> <!-- createNewAccount -->
        <test-method status="PASS" signature="tearDown()[pri:0, instance:com.crm.test.RegisterTest@1e397ed7]" name="tearDown" is-config="true" duration-ms="0" started-at="2020-05-29T14:52:39Z" finished-at="2020-05-29T14:52:39Z">
          <reporter-output>
          </reporter-output>
        </test-method> <!-- tearDown -->
      </class> <!-- com.crm.test.RegisterTest -->
    </test> <!-- Default test -->
  </suite> <!-- Default suite -->
</testng-results>
