<?xml version="1.0" encoding="UTF-8"?>
<!-- Generated by org.testng.reporters.JUnitXMLReporter -->
<testsuite hostname="DESKTOP-HSLV41C" ignored="1" name="Default test" tests="1" failures="0" timestamp="29 May 2020 14:52:39 GMT" time="41.932" errors="0">
  <testcase name="createNewAccount" time="21.512" classname="com.crm.test.RegisterTest"/>
  <testcase name="registerTest" time="0.0" classname="com.crm.test.RegisterTest">
    <ignored/>
  </testcase> <!-- registerTest -->
</testsuite> <!-- Default test -->
